<?xml version="1.0" encoding="UTF-8"?>
<testsuite name="ResourceLockDemo" tests="3" skipped="0" failures="0" errors="0" timestamp="2019-01-15T14:52:35" hostname="Sameer-PC" time="0.015">
  <properties/>
  <testcase name="customPropertyIsNotSetByDefault()" classname="ResourceLockDemo" time="0.009"/>
  <testcase name="canSetCustomPropertyToBar()" classname="ResourceLockDemo" time="0.004"/>
  <testcase name="canSetCustomPropertyToFoo()" classname="ResourceLockDemo" time="0.001"/>
  <system-out><![CDATA[]]></system-out>
  <system-err><![CDATA[]]></system-err>
</testsuite>
